2026-03-15 19:04:25,122 - __main__ - INFO - ======================================================================
2026-03-15 19:04:25,122 - __main__ - INFO - 📰 每日新闻机器人启动
2026-03-15 19:04:25,122 - __main__ - INFO - ======================================================================
2026-03-15 19:04:25,122 - __main__ - INFO - 开始每日新闻机器人运行流程...
2026-03-15 19:04:25,123 - __main__ - INFO - 第1步：抓取新闻数据...
2026-03-15 19:05:59,938 - __main__ - INFO - 第2步：保存数据文件...
2026-03-15 19:05:59,938 - __main__ - INFO - 开始保存数据文件...
2026-03-15 19:05:59,940 - __main__ - INFO - 原始数据已保存: data/news_raw_20260315_190559.json
2026-03-15 19:05:59,941 - __main__ - INFO - 摘要已保存: data/news_summary_20260315_190559.md
2026-03-15 19:05:59,943 - __main__ - INFO - 最新数据已保存: data/news_latest.json
2026-03-15 19:05:59,943 - __main__ - INFO - 第3步：创建推送消息...
2026-03-15 19:05:59,943 - __main__ - INFO - 开始创建推送消息...
2026-03-15 19:05:59,944 - __main__ - INFO - 开始格式化新闻数据...
2026-03-15 19:05:59,944 - __main__ - INFO - 格式化完成，共处理 47 条新闻
2026-03-15 19:05:59,944 - __main__ - INFO - 推送消息创建完成，长度: 3495 字符，包含 1 个分类
2026-03-15 19:05:59,944 - __main__ - INFO - 第4步：显示消息预览...
2026-03-15 19:05:59,945 - __main__ - INFO - 第5步：推送消息...
2026-03-15 19:05:59,945 - __main__ - ERROR - 程序运行出错: 'str' object has no attribute 'get'
Traceback (most recent call last):
  File "C:\Users\JiaHe\.openclaw\workspace\daily-news-bot\daily_tech_news_bot.py", line 419, in run
    success = self.sender.send(push_message)
              ^^^^^^^^^^^^^^^^^^^^^^^^^^^^^^
  File "C:\Users\JiaHe\.openclaw\workspace\daily-news-bot\src\serverchan_enhanced.py", line 236, in send
    title, content = self.format_news(news_data)
                     ^^^^^^^^^^^^^^^^^^^^^^^^^^^
  File "C:\Users\JiaHe\.openclaw\workspace\daily-news-bot\src\serverchan_enhanced.py", line 197, in format_news
    musk_trump_items = news_data.get('musk_trump', [])
                       ^^^^^^^^^^^^^
AttributeError: 'str' object has no attribute 'get'
